a:\dev\c-c++\catengine\catengine\vendors\yaml-cpp\bin-int\debug-windows-x86_64\yaml-cpp\graphbuilder.obj
a:\dev\c-c++\catengine\catengine\vendors\yaml-cpp\bin-int\debug-windows-x86_64\yaml-cpp\node_data.obj
a:\dev\c-c++\catengine\catengine\vendors\yaml-cpp\bin-int\debug-windows-x86_64\yaml-cpp\singledocparser.obj
a:\dev\c-c++\catengine\catengine\vendors\yaml-cpp\bin-int\debug-windows-x86_64\yaml-cpp\emitterstate.obj
a:\dev\c-c++\catengine\catengine\vendors\yaml-cpp\bin-int\debug-windows-x86_64\yaml-cpp\stream.obj
a:\dev\c-c++\catengine\catengine\vendors\yaml-cpp\bin-int\debug-windows-x86_64\yaml-cpp\emitterutils.obj
a:\dev\c-c++\catengine\catengine\vendors\yaml-cpp\bin-int\debug-windows-x86_64\yaml-cpp\nodebuilder.obj
a:\dev\c-c++\catengine\catengine\vendors\yaml-cpp\bin-int\debug-windows-x86_64\yaml-cpp\simplekey.obj
a:\dev\c-c++\catengine\catengine\vendors\yaml-cpp\bin-int\debug-windows-x86_64\yaml-cpp\binary.obj
a:\dev\c-c++\catengine\catengine\vendors\yaml-cpp\bin-int\debug-windows-x86_64\yaml-cpp\exp.obj
a:\dev\c-c++\catengine\catengine\vendors\yaml-cpp\bin-int\debug-windows-x86_64\yaml-cpp\tag.obj
a:\dev\c-c++\catengine\catengine\vendors\yaml-cpp\bin-int\debug-windows-x86_64\yaml-cpp\emitter.obj
a:\dev\c-c++\catengine\catengine\vendors\yaml-cpp\bin-int\debug-windows-x86_64\yaml-cpp\scantoken.obj
a:\dev\c-c++\catengine\catengine\vendors\yaml-cpp\bin-int\debug-windows-x86_64\yaml-cpp\emit.obj
a:\dev\c-c++\catengine\catengine\vendors\yaml-cpp\bin-int\debug-windows-x86_64\yaml-cpp\parser.obj
a:\dev\c-c++\catengine\catengine\vendors\yaml-cpp\bin-int\debug-windows-x86_64\yaml-cpp\convert.obj
a:\dev\c-c++\catengine\catengine\vendors\yaml-cpp\bin-int\debug-windows-x86_64\yaml-cpp\nodeevents.obj
a:\dev\c-c++\catengine\catengine\vendors\yaml-cpp\bin-int\debug-windows-x86_64\yaml-cpp\scanscalar.obj
a:\dev\c-c++\catengine\catengine\vendors\yaml-cpp\bin-int\debug-windows-x86_64\yaml-cpp\graphbuilderadapter.obj
a:\dev\c-c++\catengine\catengine\vendors\yaml-cpp\bin-int\debug-windows-x86_64\yaml-cpp\node.obj
a:\dev\c-c++\catengine\catengine\vendors\yaml-cpp\bin-int\debug-windows-x86_64\yaml-cpp\ostream_wrapper.obj
a:\dev\c-c++\catengine\catengine\vendors\yaml-cpp\bin-int\debug-windows-x86_64\yaml-cpp\emitfromevents.obj
a:\dev\c-c++\catengine\catengine\vendors\yaml-cpp\bin-int\debug-windows-x86_64\yaml-cpp\scanner.obj
a:\dev\c-c++\catengine\catengine\vendors\yaml-cpp\bin-int\debug-windows-x86_64\yaml-cpp\exceptions.obj
a:\dev\c-c++\catengine\catengine\vendors\yaml-cpp\bin-int\debug-windows-x86_64\yaml-cpp\parse.obj
a:\dev\c-c++\catengine\catengine\vendors\yaml-cpp\bin-int\debug-windows-x86_64\yaml-cpp\depthguard.obj
a:\dev\c-c++\catengine\catengine\vendors\yaml-cpp\bin-int\debug-windows-x86_64\yaml-cpp\memory.obj
a:\dev\c-c++\catengine\catengine\vendors\yaml-cpp\bin-int\debug-windows-x86_64\yaml-cpp\regex_yaml.obj
a:\dev\c-c++\catengine\catengine\vendors\yaml-cpp\bin-int\debug-windows-x86_64\yaml-cpp\directives.obj
a:\dev\c-c++\catengine\catengine\vendors\yaml-cpp\bin-int\debug-windows-x86_64\yaml-cpp\null.obj
a:\dev\c-c++\catengine\catengine\vendors\yaml-cpp\bin-int\debug-windows-x86_64\yaml-cpp\scantag.obj
a:\dev\c-c++\catengine\catengine\vendors\yaml-cpp\bin\debug-windows-x86_64\yaml-cpp\yaml-cpp.pdb
a:\dev\c-c++\catengine\catengine\vendors\yaml-cpp\bin\debug-windows-x86_64\yaml-cpp\yaml-cpp.lib
a:\dev\c-c++\catengine\catengine\vendors\yaml-cpp\bin-int\debug-windows-x86_64\yaml-cpp\yaml-cpp.tlog\cl.11908.write.1.tlog
a:\dev\c-c++\catengine\catengine\vendors\yaml-cpp\bin-int\debug-windows-x86_64\yaml-cpp\yaml-cpp.tlog\cl.command.1.tlog
a:\dev\c-c++\catengine\catengine\vendors\yaml-cpp\bin-int\debug-windows-x86_64\yaml-cpp\yaml-cpp.tlog\cl.items.tlog
a:\dev\c-c++\catengine\catengine\vendors\yaml-cpp\bin-int\debug-windows-x86_64\yaml-cpp\yaml-cpp.tlog\cl.read.1.tlog
a:\dev\c-c++\catengine\catengine\vendors\yaml-cpp\bin-int\debug-windows-x86_64\yaml-cpp\yaml-cpp.tlog\lib-link.read.1.tlog
a:\dev\c-c++\catengine\catengine\vendors\yaml-cpp\bin-int\debug-windows-x86_64\yaml-cpp\yaml-cpp.tlog\lib-link.write.1.tlog
a:\dev\c-c++\catengine\catengine\vendors\yaml-cpp\bin-int\debug-windows-x86_64\yaml-cpp\yaml-cpp.tlog\lib.command.1.tlog
